#
# There is insufficient memory for the Java Runtime Environment to continue.
# Native memory allocation (malloc) failed to allocate 35744 bytes for Chunk::new
# Possible reasons:
#   The system is out of physical RAM or swap space
#   In 32 bit mode, the process size limit was hit
# Possible solutions:
#   Reduce memory load on the system
#   Increase physical memory or swap space
#   Check if swap backing store is full
#   Use 64 bit Java on a 64 bit OS
#   Decrease Java heap size (-Xmx/-Xms)
#   Decrease number of Java threads
#   Decrease Java thread stack sizes (-Xss)
#   Set larger code cache with -XX:ReservedCodeCacheSize=
# This output file may be truncated or incomplete.
#
#  Out of Memory Error (allocation.cpp:390), pid=133056, tid=132212
#
# JRE version: Java(TM) SE Runtime Environment (8.0_31-b13) (build 1.8.0_31-b13)
# Java VM: Java HotSpot(TM) 64-Bit Server VM (25.31-b07 mixed mode windows-amd64 compressed oops)
# Failed to write core dump. Minidumps are not enabled by default on client versions of Windows
#

---------------  T H R E A D  ---------------

Current thread (0x00000000149cf800):  JavaThread "C2 CompilerThread1" daemon [_thread_in_native, id=132212, stack(0x0000000016040000,0x0000000016140000)]

Stack: [0x0000000016040000,0x0000000016140000]
Native frames: (J=compiled Java code, j=interpreted, Vv=VM code, C=native code)
V  [jvm.dll+0x3169ba]


Current CompileTask:
C2:    426  257       4       java.lang.String::replace (127 bytes)


---------------  P R O C E S S  ---------------

Java Threads: ( => current thread )
  0x0000000016244800 JavaThread "Service Thread" daemon [_thread_blocked, id=134104, stack(0x0000000016640000,0x0000000016740000)]
  0x0000000014a2b800 JavaThread "C1 CompilerThread2" daemon [_thread_blocked, id=130740, stack(0x0000000016140000,0x0000000016240000)]
=>0x00000000149cf800 JavaThread "C2 CompilerThread1" daemon [_thread_in_native, id=132212, stack(0x0000000016040000,0x0000000016140000)]
  0x00000000149cc000 JavaThread "C2 CompilerThread0" daemon [_thread_blocked, id=132888, stack(0x0000000015f40000,0x0000000016040000)]
  0x00000000149ca800 JavaThread "Attach Listener" daemon [_thread_blocked, id=129080, stack(0x0000000015e40000,0x0000000015f40000)]
  0x00000000149c9800 JavaThread "Signal Dispatcher" daemon [_thread_blocked, id=132492, stack(0x0000000015d40000,0x0000000015e40000)]
  0x00000000022ef000 JavaThread "Finalizer" daemon [_thread_blocked, id=132568, stack(0x0000000015c40000,0x0000000015d40000)]
  0x00000000022ec000 JavaThread "Reference Handler" daemon [_thread_blocked, id=130264, stack(0x0000000015b40000,0x0000000015c40000)]
  0x0000000002200800 JavaThread "main" [_thread_in_Java, id=132344, stack(0x0000000002100000,0x0000000002200000)]

Other Threads:
  0x0000000014995800 VMThread [stack: 0x0000000015a40000,0x0000000015b40000] [id=132528]
  0x0000000016246800 WatcherThread [stack: 0x0000000016740000,0x0000000016840000] [id=134120]

VM state:not at safepoint (normal execution)

VM Mutex/Monitor currently owned by a thread: None

Heap:
 PSYoungGen      total 38400K, used 7365K [0x00000000eab00000, 0x00000000ed580000, 0x0000000100000000)
  eden space 33280K, 22% used [0x00000000eab00000,0x00000000eb2317f0,0x00000000ecb80000)
  from space 5120K, 0% used [0x00000000ed080000,0x00000000ed080000,0x00000000ed580000)
  to   space 5120K, 0% used [0x00000000ecb80000,0x00000000ecb80000,0x00000000ed080000)
 ParOldGen       total 87552K, used 0K [0x00000000c0000000, 0x00000000c5580000, 0x00000000eab00000)
  object space 87552K, 0% used [0x00000000c0000000,0x00000000c0000000,0x00000000c5580000)
 Metaspace       used 4471K, capacity 5872K, committed 6016K, reserved 1056768K
  class space    used 495K, capacity 552K, committed 640K, reserved 1048576K

Card table byte_map: [0x00000000116c0000,0x00000000118d0000] byte_map_base: 0x00000000110c0000

Marking Bits: (ParMarkBitMap*) 0x000000005ac5d4f0
 Begin Bits: [0x0000000011e30000, 0x0000000012e30000)
 End Bits:   [0x0000000012e30000, 0x0000000013e30000)

Polling page: 0x0000000002020000

CodeCache: size=245760Kb used=1542Kb max_used=1542Kb free=244217Kb
 bounds [0x0000000002300000, 0x0000000002570000, 0x0000000011300000]
 total_blobs=512 nmethods=256 adapters=170
 compilation: enabled

Compilation events (10 events):
Event: 0.420 Thread 0x0000000014a2b800 nmethod 252 0x000000000247d590 code [0x000000000247d820, 0x000000000247e9d8]
Event: 0.420 Thread 0x0000000014a2b800  253       3       java.util.zip.ZipFile$ZipFileInputStream::<init> (41 bytes)
Event: 0.420 Thread 0x0000000014a2b800 nmethod 253 0x000000000247f550 code [0x000000000247f6e0, 0x000000000247fa78]
Event: 0.420 Thread 0x0000000014a2b800  254   !   3       java.util.zip.ZipFile::getInflater (56 bytes)
Event: 0.421 Thread 0x0000000014a2b800 nmethod 254 0x000000000247fc90 code [0x000000000247fe80, 0x0000000002480a38]
Event: 0.421 Thread 0x0000000014a2b800  255       3       java.util.Objects::requireNonNull (15 bytes)
Event: 0.421 Thread 0x0000000014a2b800 nmethod 255 0x0000000002481090 code [0x0000000002481200, 0x0000000002481408]
Event: 0.421 Thread 0x0000000014a2b800  256       3       java.util.ArrayList$Itr::hasNext (20 bytes)
Event: 0.421 Thread 0x0000000014a2b800 nmethod 256 0x00000000024816d0 code [0x0000000002481840, 0x0000000002481a10]
Event: 0.421 Thread 0x00000000149cf800  257       4       java.lang.String::replace (127 bytes)

GC Heap History (0 events):
No events

Deoptimization events (0 events):
No events

Internal exceptions (10 events):
Event: 0.416 Thread 0x0000000002200800 Exception <a 'java/security/PrivilegedActionException'> (0x00000000eb156af8) thrown at [C:\workspace\8-2-build-windows-amd64-cygwin\jdk8u31\2394\hotspot\src\share\vm\prims\jvm.cpp, line 1312]
Event: 0.417 Thread 0x0000000002200800 Exception <a 'java/security/PrivilegedActionException'> (0x00000000eb15a000) thrown at [C:\workspace\8-2-build-windows-amd64-cygwin\jdk8u31\2394\hotspot\src\share\vm\prims\jvm.cpp, line 1312]
Event: 0.418 Thread 0x0000000002200800 Exception <a 'java/security/PrivilegedActionException'> (0x00000000eb15eed0) thrown at [C:\workspace\8-2-build-windows-amd64-cygwin\jdk8u31\2394\hotspot\src\share\vm\prims\jvm.cpp, line 1312]
Event: 0.418 Thread 0x0000000002200800 Exception <a 'java/security/PrivilegedActionException'> (0x00000000eb167ac8) thrown at [C:\workspace\8-2-build-windows-amd64-cygwin\jdk8u31\2394\hotspot\src\share\vm\prims\jvm.cpp, line 1312]
Event: 0.418 Thread 0x0000000002200800 Exception <a 'java/security/PrivilegedActionException'> (0x00000000eb16ce18) thrown at [C:\workspace\8-2-build-windows-amd64-cygwin\jdk8u31\2394\hotspot\src\share\vm\prims\jvm.cpp, line 1312]
Event: 0.419 Thread 0x0000000002200800 Exception <a 'java/security/PrivilegedActionException'> (0x00000000eb17edf0) thrown at [C:\workspace\8-2-build-windows-amd64-cygwin\jdk8u31\2394\hotspot\src\share\vm\prims\jvm.cpp, line 1312]
Event: 0.419 Thread 0x0000000002200800 Exception <a 'java/security/PrivilegedActionException'> (0x00000000eb182008) thrown at [C:\workspace\8-2-build-windows-amd64-cygwin\jdk8u31\2394\hotspot\src\share\vm\prims\jvm.cpp, line 1312]
Event: 0.420 Thread 0x0000000002200800 Exception <a 'java/security/PrivilegedActionException'> (0x00000000eb187678) thrown at [C:\workspace\8-2-build-windows-amd64-cygwin\jdk8u31\2394\hotspot\src\share\vm\prims\jvm.cpp, line 1312]
Event: 0.420 Thread 0x0000000002200800 Exception <a 'java/security/PrivilegedActionException'> (0x00000000eb18aec8) thrown at [C:\workspace\8-2-build-windows-amd64-cygwin\jdk8u31\2394\hotspot\src\share\vm\prims\jvm.cpp, line 1312]
Event: 0.420 Thread 0x0000000002200800 Exception <a 'java/security/PrivilegedActionException'> (0x00000000eb18de30) thrown at [C:\workspace\8-2-build-windows-amd64-cygwin\jdk8u31\2394\hotspot\src\share\vm\prims\jvm.cpp, line 1312]

Events (10 events):
Event: 0.420 loading class com/android/dx/ssa/back/LivenessAnalyzer$NextFunction
Event: 0.420 loading class com/android/dx/ssa/back/LivenessAnalyzer$NextFunction done
Event: 0.420 loading class com/android/dx/ssa/back/LivenessAnalyzer$1
Event: 0.420 loading class com/android/dx/ssa/back/LivenessAnalyzer$1 done
Event: 0.421 loading class java/lang/NoSuchFieldError
Event: 0.421 loading class java/lang/NoSuchFieldError done
Event: 0.421 loading class java/util/ArrayList$SubList
Event: 0.421 loading class java/util/ArrayList$SubList done
Event: 0.421 loading class com/android/dx/ssa/InterferenceRegisterMapper
Event: 0.421 loading class com/android/dx/ssa/InterferenceRegisterMapper done


Dynamic libraries:
0x00007ff77e1b0000 - 0x00007ff77e1e4000 	C:\Program Files\Java\jdk1.8.0_31\bin\java.exe
0x00007ff870500000 - 0x00007ff8706ac000 	C:\Windows\SYSTEM32\ntdll.dll
0x00007ff86fa60000 - 0x00007ff86fb9e000 	C:\Windows\system32\KERNEL32.DLL
0x00007ff86d830000 - 0x00007ff86d945000 	C:\Windows\system32\KERNELBASE.dll
0x00007ff86c1d0000 - 0x00007ff86c25e000 	C:\Windows\system32\apphelp.dll
0x00007ff859850000 - 0x00007ff8598a3000 	C:\Windows\AppPatch\AppPatch64\AcGenral.DLL
0x00007ff870450000 - 0x00007ff8704fa000 	C:\Windows\system32\msvcrt.dll
0x00007ff86d4f0000 - 0x00007ff86d51e000 	C:\Windows\SYSTEM32\SspiCli.dll
0x00007ff86fe90000 - 0x00007ff86fee4000 	C:\Windows\system32\SHLWAPI.dll
0x00007ff86df50000 - 0x00007ff86e0c7000 	C:\Windows\system32\USER32.dll
0x00007ff86dc30000 - 0x00007ff86ddc4000 	C:\Windows\system32\ole32.dll
0x00007ff86e540000 - 0x00007ff86fa58000 	C:\Windows\system32\SHELL32.dll
0x00007ff86cc70000 - 0x00007ff86cc91000 	C:\Windows\SYSTEM32\USERENV.dll
0x00007ff86db80000 - 0x00007ff86dc2a000 	C:\Windows\system32\ADVAPI32.dll
0x00007ff866040000 - 0x00007ff86605e000 	C:\Windows\SYSTEM32\MPR.dll
0x00007ff86e0d0000 - 0x00007ff86e211000 	C:\Windows\system32\RPCRT4.dll
0x00007ff86e4d0000 - 0x00007ff86e529000 	C:\Windows\SYSTEM32\sechost.dll
0x00007ff86fbb0000 - 0x00007ff86fdc1000 	C:\Windows\SYSTEM32\combase.dll
0x00007ff86e240000 - 0x00007ff86e391000 	C:\Windows\system32\GDI32.dll
0x00007ff86d650000 - 0x00007ff86d665000 	C:\Windows\SYSTEM32\profapi.dll
0x00007ff86bba0000 - 0x00007ff86bc52000 	C:\Windows\SYSTEM32\SHCORE.dll
0x00007ff86fdd0000 - 0x00007ff86fe06000 	C:\Windows\system32\IMM32.DLL
0x00007ff870140000 - 0x00007ff870292000 	C:\Windows\system32\MSCTF.dll
0x00007ff86b0e0000 - 0x00007ff86b35a000 	C:\Windows\WinSxS\amd64_microsoft.windows.common-controls_6595b64144ccf1df_6.0.9600.17810_none_6240b9c7ecbd0bda\COMCTL32.dll
0x0000000059fc0000 - 0x000000005a092000 	C:\Program Files\Java\jdk1.8.0_31\jre\bin\msvcr100.dll
0x000000005a480000 - 0x000000005acda000 	C:\Program Files\Java\jdk1.8.0_31\jre\bin\server\jvm.dll
0x00007ff864f40000 - 0x00007ff864f49000 	C:\Windows\SYSTEM32\WSOCK32.dll
0x00007ff8649b0000 - 0x00007ff8649d2000 	C:\Windows\SYSTEM32\WINMM.dll
0x00007ff86fe10000 - 0x00007ff86fe17000 	C:\Windows\system32\PSAPI.DLL
0x00007ff8700e0000 - 0x00007ff87013a000 	C:\Windows\system32\WS2_32.dll
0x00007ff864980000 - 0x00007ff8649aa000 	C:\Windows\SYSTEM32\WINMMBASE.dll
0x00007ff86e530000 - 0x00007ff86e539000 	C:\Windows\system32\NSI.dll
0x00007ff86d950000 - 0x00007ff86d99f000 	C:\Windows\SYSTEM32\cfgmgr32.dll
0x00007ff86c460000 - 0x00007ff86c488000 	C:\Windows\SYSTEM32\DEVOBJ.dll
0x000000005a470000 - 0x000000005a47f000 	C:\Program Files\Java\jdk1.8.0_31\jre\bin\verify.dll
0x000000005a440000 - 0x000000005a468000 	C:\Program Files\Java\jdk1.8.0_31\jre\bin\java.dll
0x000000005a420000 - 0x000000005a436000 	C:\Program Files\Java\jdk1.8.0_31\jre\bin\zip.dll

VM Arguments:
jvm_args: -Xmx1024M -Dfile.encoding=windows-1250 -Duser.country=US -Duser.language=en -Duser.variant 
java_command: com.android.dx.command.Main --dex --output G:\Uzytkowe\DropboxZapas\BACKUP\Studia\Semestr 6\Projekt Zespo³owy Nazwa Aplikacji\Aplikacja\ZPIProjekt\app\build\intermediates\pre-dexed\debug\classes-d8ce4770dd10241f52a7ae9d21d3021b0807230c.jar G:\Uzytkowe\DropboxZapas\BACKUP\Studia\Semestr 6\Projekt Zespo³owy Nazwa Aplikacji\Aplikacja\ZPIProjekt\app\build\intermediates\exploded-aar\com.google.android.gms\play-services-gcm\7.0.0\classes.jar
java_class_path (initial): G:\Uzytkowe\Android Studio\build-tools\21.1.2\lib\dx.jar
Launcher Type: SUN_STANDARD

Environment Variables:
JAVA_HOME=C:\Program Files\Java\jdk1.8.0_31;
JRE_HOME=C:\Program Files\Java\jdk1.8.0_31\jre
PATH=C:\Program Files (x86)\NVIDIA Corporation\PhysX\Common;C:\Windows\system32;C:\Windows;C:\Windows\System32\Wbem;C:\Windows\System32\WindowsPowerShell\v1.0\;C:\Program Files (x86)\ATI Technologies\ATI.ACE\Core-Static;g:\uzytkowe\python 3.4.2;g:\uzytkowe\python 3.4.2\scripts;C:\Program Files (x86)\Windows Kits\8.1\Windows Performance Toolkit\;C:\Program Files\Microsoft SQL Server\110\Tools\Binn\;G:\Uzytkowe\Microsoft Network Monitor\;C:\Program Files (x86)\Skype\Phone\;G:\Uzytkowe\TortoiseSVN\bin
USERNAME=Maciej
OS=Windows_NT
PROCESSOR_IDENTIFIER=Intel64 Family 6 Model 60 Stepping 3, GenuineIntel



---------------  S Y S T E M  ---------------

OS: Windows 8.1 , 64 bit Build 9600 

CPU:total 4 (4 cores per cpu, 1 threads per core) family 6 model 60 stepping 3, cmov, cx8, fxsr, mmx, sse, sse2, sse3, ssse3, sse4.1, sse4.2, popcnt, avx, avx2, aes, clmul, erms, lzcnt, tsc, tscinvbit, bmi1, bmi2

Memory: 4k page, physical 8314960k(934728k free), swap 13015120k(4964k free)

vm_info: Java HotSpot(TM) 64-Bit Server VM (25.31-b07) for windows-amd64 JRE (1.8.0_31-b13), built on Dec 17 2014 21:00:28 by "java_re" with MS VC++ 10.0 (VS2010)

time: Sat Jun 13 18:27:32 2015
elapsed time: 0 seconds (0d 0h 0m 0s)

