#
# There is insufficient memory for the Java Runtime Environment to continue.
# Native memory allocation (malloc) failed to allocate 1474416 bytes for Chunk::new
# Possible reasons:
#   The system is out of physical RAM or swap space
#   In 32 bit mode, the process size limit was hit
# Possible solutions:
#   Reduce memory load on the system
#   Increase physical memory or swap space
#   Check if swap backing store is full
#   Use 64 bit Java on a 64 bit OS
#   Decrease Java heap size (-Xmx/-Xms)
#   Decrease number of Java threads
#   Decrease Java thread stack sizes (-Xss)
#   Set larger code cache with -XX:ReservedCodeCacheSize=
# This output file may be truncated or incomplete.
#
#  Out of Memory Error (allocation.cpp:390), pid=130716, tid=133008
#
# JRE version: Java(TM) SE Runtime Environment (8.0_31-b13) (build 1.8.0_31-b13)
# Java VM: Java HotSpot(TM) 64-Bit Server VM (25.31-b07 mixed mode windows-amd64 compressed oops)
# Failed to write core dump. Minidumps are not enabled by default on client versions of Windows
#

---------------  T H R E A D  ---------------

Current thread (0x00000000151fd800):  JavaThread "C2 CompilerThread1" daemon [_thread_in_native, id=133008, stack(0x0000000016810000,0x0000000016910000)]

Stack: [0x0000000016810000,0x0000000016910000]
Native frames: (J=compiled Java code, j=interpreted, Vv=VM code, C=native code)
V  [jvm.dll+0x3169ba]
V  [jvm.dll+0x2674c3]
V  [jvm.dll+0x268103]
V  [jvm.dll+0x25f8f5]
V  [jvm.dll+0xbf025]
V  [jvm.dll+0xbf4cc]
V  [jvm.dll+0x45df82]
V  [jvm.dll+0x49f21f]
V  [jvm.dll+0x452daf]
V  [jvm.dll+0x454124]
V  [jvm.dll+0x437c62]
V  [jvm.dll+0x988e2]
V  [jvm.dll+0x990d3]
V  [jvm.dll+0x22c194]
V  [jvm.dll+0x28576a]
C  [msvcr100.dll+0x21d9f]
C  [msvcr100.dll+0x21e3b]
C  [KERNEL32.DLL+0x13d2]
C  [ntdll.dll+0x15444]


Current CompileTask:
C2:   2328 1413   !   4       com.android.dx.cf.code.BytecodeArray::parseInstruction (2764 bytes)


---------------  P R O C E S S  ---------------

Java Threads: ( => current thread )
  0x000000001520a800 JavaThread "Service Thread" daemon [_thread_blocked, id=132708, stack(0x0000000016a10000,0x0000000016b10000)]
  0x0000000015203800 JavaThread "C1 CompilerThread2" daemon [_thread_blocked, id=130732, stack(0x0000000016910000,0x0000000016a10000)]
=>0x00000000151fd800 JavaThread "C2 CompilerThread1" daemon [_thread_in_native, id=133008, stack(0x0000000016810000,0x0000000016910000)]
  0x00000000151ac000 JavaThread "C2 CompilerThread0" daemon [_thread_in_native, id=127392, stack(0x0000000016710000,0x0000000016810000)]
  0x00000000151aa800 JavaThread "Attach Listener" daemon [_thread_blocked, id=132888, stack(0x0000000016610000,0x0000000016710000)]
  0x00000000151a9800 JavaThread "Signal Dispatcher" daemon [_thread_blocked, id=133116, stack(0x0000000016510000,0x0000000016610000)]
  0x00000000029f4800 JavaThread "Finalizer" daemon [_thread_blocked, id=132516, stack(0x0000000016410000,0x0000000016510000)]
  0x00000000029ec000 JavaThread "Reference Handler" daemon [_thread_blocked, id=132568, stack(0x0000000016310000,0x0000000016410000)]
  0x0000000002900800 JavaThread "main" [_thread_in_Java, id=132152, stack(0x0000000002730000,0x0000000002830000)]

Other Threads:
  0x0000000015175800 VMThread [stack: 0x0000000016210000,0x0000000016310000] [id=132796]
  0x000000001520d800 WatcherThread [stack: 0x0000000016b10000,0x0000000016c10000] [id=132344]

VM state:not at safepoint (normal execution)

VM Mutex/Monitor currently owned by a thread: None

Heap:
 PSYoungGen      total 38400K, used 12743K [0x00000000eab00000, 0x00000000ef600000, 0x0000000100000000)
  eden space 33280K, 22% used [0x00000000eab00000,0x00000000eb2784c8,0x00000000ecb80000)
  from space 5120K, 99% used [0x00000000ecb80000,0x00000000ed0797e8,0x00000000ed080000)
  to   space 5120K, 0% used [0x00000000ef100000,0x00000000ef100000,0x00000000ef600000)
 ParOldGen       total 87552K, used 1323K [0x00000000c0000000, 0x00000000c5580000, 0x00000000eab00000)
  object space 87552K, 1% used [0x00000000c0000000,0x00000000c014af38,0x00000000c5580000)
 Metaspace       used 5779K, capacity 7024K, committed 7296K, reserved 1056768K
  class space    used 554K, capacity 616K, committed 640K, reserved 1048576K

Card table byte_map: [0x0000000011ea0000,0x00000000120b0000] byte_map_base: 0x00000000118a0000

Marking Bits: (ParMarkBitMap*) 0x000000005ac5d4f0
 Begin Bits: [0x0000000012610000, 0x0000000013610000)
 End Bits:   [0x0000000013610000, 0x0000000014610000)

Polling page: 0x0000000000f30000

CodeCache: size=245760Kb used=5962Kb max_used=5976Kb free=239797Kb
 bounds [0x0000000002ae0000, 0x00000000030c0000, 0x0000000011ae0000]
 total_blobs=1675 nmethods=1415 adapters=174
 compilation: enabled

Compilation events (10 events):
Event: 2.261 Thread 0x0000000015203800 1420       3       com.android.dx.ssa.SCCP::simulateMath (424 bytes)
Event: 2.262 Thread 0x0000000015203800 nmethod 1420 0x00000000030af910 code [0x00000000030afbc0, 0x00000000030b14e8]
Event: 2.263 Thread 0x0000000015203800 1422       3       com.android.dx.rop.code.InsnList::contentEquals (54 bytes)
Event: 2.263 Thread 0x0000000015203800 nmethod 1422 0x00000000030b66d0 code [0x00000000030b68a0, 0x00000000030b7348]
Event: 2.264 Thread 0x0000000015203800 1423       3       com.android.dx.dex.code.BlockAddresses::getStart (7 bytes)
Event: 2.264 Thread 0x0000000015203800 nmethod 1423 0x00000000030b7690 code [0x00000000030b77e0, 0x00000000030b7950]
Event: 2.264 Thread 0x00000000151fd800 nmethod 1399 0x00000000030b7a50 code [0x00000000030b7d60, 0x00000000030b97d0]
Event: 2.265 Thread 0x00000000151fd800 1413   !   4       com.android.dx.cf.code.BytecodeArray::parseInstruction (2764 bytes)
Event: 2.267 Thread 0x0000000015203800 1424       3       com.android.dx.ssa.PhiInsn::mapSourceRegisters (78 bytes)
Event: 2.267 Thread 0x0000000015203800 nmethod 1424 0x00000000030b5710 code [0x00000000030b5900, 0x00000000030b62a8]

GC Heap History (2 events):
Event: 2.133 GC heap before
{Heap before GC invocations=1 (full 0):
 PSYoungGen      total 38400K, used 33280K [0x00000000eab00000, 0x00000000ed580000, 0x0000000100000000)
  eden space 33280K, 100% used [0x00000000eab00000,0x00000000ecb80000,0x00000000ecb80000)
  from space 5120K, 0% used [0x00000000ed080000,0x00000000ed080000,0x00000000ed580000)
  to   space 5120K, 0% used [0x00000000ecb80000,0x00000000ecb80000,0x00000000ed080000)
 ParOldGen       total 87552K, used 0K [0x00000000c0000000, 0x00000000c5580000, 0x00000000eab00000)
  object space 87552K, 0% used [0x00000000c0000000,0x00000000c0000000,0x00000000c5580000)
 Metaspace       used 5689K, capacity 6960K, committed 7040K, reserved 1056768K
  class space    used 554K, capacity 616K, committed 640K, reserved 1048576K
Event: 2.193 GC heap after
Heap after GC invocations=1 (full 0):
 PSYoungGen      total 38400K, used 5093K [0x00000000eab00000, 0x00000000ef600000, 0x0000000100000000)
  eden space 33280K, 0% used [0x00000000eab00000,0x00000000eab00000,0x00000000ecb80000)
  from space 5120K, 99% used [0x00000000ecb80000,0x00000000ed0797e8,0x00000000ed080000)
  to   space 5120K, 0% used [0x00000000ef100000,0x00000000ef100000,0x00000000ef600000)
 ParOldGen       total 87552K, used 1323K [0x00000000c0000000, 0x00000000c5580000, 0x00000000eab00000)
  object space 87552K, 1% used [0x00000000c0000000,0x00000000c014af38,0x00000000c5580000)
 Metaspace       used 5689K, capacity 6960K, committed 7040K, reserved 1056768K
  class space    used 554K, capacity 616K, committed 640K, reserved 1048576K
}

Deoptimization events (10 events):
Event: 2.123 Thread 0x0000000002900800 Uncommon trap: reason=unreached action=reinterpret pc=0x0000000003046dd4 method=com.android.dx.ssa.LocalVariableExtractor.processBlock(I)V @ 251
Event: 2.211 Thread 0x0000000002900800 Uncommon trap: reason=bimorphic action=maybe_recompile pc=0x000000000300e444 method=com.android.dx.cf.code.BytecodeArray.parseInstruction(ILcom/android/dx/cf/code/BytecodeArray$Visitor;)I @ 923
Event: 2.211 Thread 0x0000000002900800 Uncommon trap: reason=bimorphic action=maybe_recompile pc=0x000000000300e3c4 method=com.android.dx.cf.code.BytecodeArray.parseInstruction(ILcom/android/dx/cf/code/BytecodeArray$Visitor;)I @ 907
Event: 2.211 Thread 0x0000000002900800 Uncommon trap: reason=bimorphic action=maybe_recompile pc=0x000000000300e97c method=com.android.dx.cf.code.BytecodeArray.parseInstruction(ILcom/android/dx/cf/code/BytecodeArray$Visitor;)I @ 1224
Event: 2.211 Thread 0x0000000002900800 Uncommon trap: reason=bimorphic action=maybe_recompile pc=0x000000000300e444 method=com.android.dx.cf.code.BytecodeArray.parseInstruction(ILcom/android/dx/cf/code/BytecodeArray$Visitor;)I @ 923
Event: 2.239 Thread 0x0000000002900800 Uncommon trap: reason=bimorphic action=maybe_recompile pc=0x0000000002f656a8 method=java.util.HashMap.putVal(ILjava/lang/Object;Ljava/lang/Object;ZZ)Ljava/lang/Object; @ 91
Event: 2.239 Thread 0x0000000002900800 Uncommon trap: reason=bimorphic action=maybe_recompile pc=0x0000000002f656a8 method=java.util.HashMap.putVal(ILjava/lang/Object;Ljava/lang/Object;ZZ)Ljava/lang/Object; @ 91
Event: 2.239 Thread 0x0000000002900800 Uncommon trap: reason=bimorphic action=maybe_recompile pc=0x0000000002f656a8 method=java.util.HashMap.putVal(ILjava/lang/Object;Ljava/lang/Object;ZZ)Ljava/lang/Object; @ 91
Event: 2.247 Thread 0x0000000002900800 Uncommon trap: reason=bimorphic action=maybe_recompile pc=0x0000000002f656a8 method=java.util.HashMap.putVal(ILjava/lang/Object;Ljava/lang/Object;ZZ)Ljava/lang/Object; @ 91
Event: 2.253 Thread 0x0000000002900800 Uncommon trap: reason=unreached action=reinterpret pc=0x0000000002dc261c method=com.android.dx.rop.cst.Constant.compareTo(Lcom/android/dx/rop/cst/Constant;)I @ 12

Internal exceptions (10 events):
Event: 1.464 Thread 0x0000000002900800 Exception <a 'java/security/PrivilegedActionException'> (0x00000000ebf24428) thrown at [C:\workspace\8-2-build-windows-amd64-cygwin\jdk8u31\2394\hotspot\src\share\vm\prims\jvm.cpp, line 1312]
Event: 1.466 Thread 0x0000000002900800 Exception <a 'java/security/PrivilegedActionException'> (0x00000000ebf51b68) thrown at [C:\workspace\8-2-build-windows-amd64-cygwin\jdk8u31\2394\hotspot\src\share\vm\prims\jvm.cpp, line 1312]
Event: 1.480 Thread 0x0000000002900800 Exception <a 'java/security/PrivilegedActionException'> (0x00000000ec1dad78) thrown at [C:\workspace\8-2-build-windows-amd64-cygwin\jdk8u31\2394\hotspot\src\share\vm\prims\jvm.cpp, line 1312]
Event: 1.670 Thread 0x0000000002900800 Exception <a 'java/security/PrivilegedActionException'> (0x00000000ec4f3850) thrown at [C:\workspace\8-2-build-windows-amd64-cygwin\jdk8u31\2394\hotspot\src\share\vm\prims\jvm.cpp, line 1312]
Event: 2.007 Thread 0x0000000002900800 Exception <a 'java/security/PrivilegedActionException'> (0x00000000eca93ad8) thrown at [C:\workspace\8-2-build-windows-amd64-cygwin\jdk8u31\2394\hotspot\src\share\vm\prims\jvm.cpp, line 1312]
Event: 2.008 Thread 0x0000000002900800 Exception <a 'java/security/PrivilegedActionException'> (0x00000000eca96190) thrown at [C:\workspace\8-2-build-windows-amd64-cygwin\jdk8u31\2394\hotspot\src\share\vm\prims\jvm.cpp, line 1312]
Event: 2.127 Thread 0x0000000002900800 Exception <a 'java/security/PrivilegedActionException'> (0x00000000ecb3b910) thrown at [C:\workspace\8-2-build-windows-amd64-cygwin\jdk8u31\2394\hotspot\src\share\vm\prims\jvm.cpp, line 1312]
Event: 2.128 Thread 0x0000000002900800 Exception <a 'java/security/PrivilegedActionException'> (0x00000000ecb41258) thrown at [C:\workspace\8-2-build-windows-amd64-cygwin\jdk8u31\2394\hotspot\src\share\vm\prims\jvm.cpp, line 1312]
Event: 2.128 Thread 0x0000000002900800 Exception <a 'java/security/PrivilegedActionException'> (0x00000000ecb46948) thrown at [C:\workspace\8-2-build-windows-amd64-cygwin\jdk8u31\2394\hotspot\src\share\vm\prims\jvm.cpp, line 1312]
Event: 2.211 Thread 0x0000000002900800 Exception <a 'java/security/PrivilegedActionException'> (0x00000000eaba53d0) thrown at [C:\workspace\8-2-build-windows-amd64-cygwin\jdk8u31\2394\hotspot\src\share\vm\prims\jvm.cpp, line 1312]

Events (10 events):
Event: 2.239 Thread 0x0000000002900800 DEOPT UNPACKING pc=0x0000000002b2556a sp=0x000000000282e448 mode 2
Event: 2.239 Thread 0x0000000002900800 Uncommon trap: trap_request=0xffffffc6 fr.pc=0x0000000002f656a8
Event: 2.239 Thread 0x0000000002900800 DEOPT PACKING pc=0x0000000002f656a8 sp=0x000000000282e5b0
Event: 2.239 Thread 0x0000000002900800 DEOPT UNPACKING pc=0x0000000002b2556a sp=0x000000000282e528 mode 2
Event: 2.247 Thread 0x0000000002900800 Uncommon trap: trap_request=0xffffffc6 fr.pc=0x0000000002f656a8
Event: 2.247 Thread 0x0000000002900800 DEOPT PACKING pc=0x0000000002f656a8 sp=0x000000000282e4d0
Event: 2.247 Thread 0x0000000002900800 DEOPT UNPACKING pc=0x0000000002b2556a sp=0x000000000282e448 mode 2
Event: 2.253 Thread 0x0000000002900800 Uncommon trap: trap_request=0xffffffad fr.pc=0x0000000002dc261c
Event: 2.253 Thread 0x0000000002900800 DEOPT PACKING pc=0x0000000002dc261c sp=0x000000000282e190
Event: 2.253 Thread 0x0000000002900800 DEOPT UNPACKING pc=0x0000000002b2556a sp=0x000000000282e130 mode 2


Dynamic libraries:
0x00007ff77e1b0000 - 0x00007ff77e1e4000 	C:\Program Files\Java\jdk1.8.0_31\bin\java.exe
0x00007ff870500000 - 0x00007ff8706ac000 	C:\Windows\SYSTEM32\ntdll.dll
0x00007ff86fa60000 - 0x00007ff86fb9e000 	C:\Windows\system32\KERNEL32.DLL
0x00007ff86d830000 - 0x00007ff86d945000 	C:\Windows\system32\KERNELBASE.dll
0x00007ff86c1d0000 - 0x00007ff86c25e000 	C:\Windows\system32\apphelp.dll
0x00007ff859850000 - 0x00007ff8598a3000 	C:\Windows\AppPatch\AppPatch64\AcGenral.DLL
0x00007ff870450000 - 0x00007ff8704fa000 	C:\Windows\system32\msvcrt.dll
0x00007ff86d4f0000 - 0x00007ff86d51e000 	C:\Windows\SYSTEM32\SspiCli.dll
0x00007ff86fe90000 - 0x00007ff86fee4000 	C:\Windows\system32\SHLWAPI.dll
0x00007ff86df50000 - 0x00007ff86e0c7000 	C:\Windows\system32\USER32.dll
0x00007ff86dc30000 - 0x00007ff86ddc4000 	C:\Windows\system32\ole32.dll
0x00007ff86e540000 - 0x00007ff86fa58000 	C:\Windows\system32\SHELL32.dll
0x00007ff86cc70000 - 0x00007ff86cc91000 	C:\Windows\SYSTEM32\USERENV.dll
0x00007ff86db80000 - 0x00007ff86dc2a000 	C:\Windows\system32\ADVAPI32.dll
0x00007ff866040000 - 0x00007ff86605e000 	C:\Windows\SYSTEM32\MPR.dll
0x00007ff86e0d0000 - 0x00007ff86e211000 	C:\Windows\system32\RPCRT4.dll
0x00007ff86e4d0000 - 0x00007ff86e529000 	C:\Windows\SYSTEM32\sechost.dll
0x00007ff86fbb0000 - 0x00007ff86fdc1000 	C:\Windows\SYSTEM32\combase.dll
0x00007ff86e240000 - 0x00007ff86e391000 	C:\Windows\system32\GDI32.dll
0x00007ff86d650000 - 0x00007ff86d665000 	C:\Windows\SYSTEM32\profapi.dll
0x00007ff86bba0000 - 0x00007ff86bc52000 	C:\Windows\SYSTEM32\SHCORE.dll
0x00007ff86fdd0000 - 0x00007ff86fe06000 	C:\Windows\system32\IMM32.DLL
0x00007ff870140000 - 0x00007ff870292000 	C:\Windows\system32\MSCTF.dll
0x00007ff86b0e0000 - 0x00007ff86b35a000 	C:\Windows\WinSxS\amd64_microsoft.windows.common-controls_6595b64144ccf1df_6.0.9600.17810_none_6240b9c7ecbd0bda\COMCTL32.dll
0x0000000059fc0000 - 0x000000005a092000 	C:\Program Files\Java\jdk1.8.0_31\jre\bin\msvcr100.dll
0x000000005a480000 - 0x000000005acda000 	C:\Program Files\Java\jdk1.8.0_31\jre\bin\server\jvm.dll
0x00007ff864f40000 - 0x00007ff864f49000 	C:\Windows\SYSTEM32\WSOCK32.dll
0x00007ff8649b0000 - 0x00007ff8649d2000 	C:\Windows\SYSTEM32\WINMM.dll
0x00007ff86fe10000 - 0x00007ff86fe17000 	C:\Windows\system32\PSAPI.DLL
0x00007ff8700e0000 - 0x00007ff87013a000 	C:\Windows\system32\WS2_32.dll
0x00007ff864980000 - 0x00007ff8649aa000 	C:\Windows\SYSTEM32\WINMMBASE.dll
0x00007ff86e530000 - 0x00007ff86e539000 	C:\Windows\system32\NSI.dll
0x00007ff86d950000 - 0x00007ff86d99f000 	C:\Windows\SYSTEM32\cfgmgr32.dll
0x00007ff86c460000 - 0x00007ff86c488000 	C:\Windows\SYSTEM32\DEVOBJ.dll
0x000000005a470000 - 0x000000005a47f000 	C:\Program Files\Java\jdk1.8.0_31\jre\bin\verify.dll
0x000000005a440000 - 0x000000005a468000 	C:\Program Files\Java\jdk1.8.0_31\jre\bin\java.dll
0x000000005a420000 - 0x000000005a436000 	C:\Program Files\Java\jdk1.8.0_31\jre\bin\zip.dll
0x00007ff8660d0000 - 0x00007ff866259000 	C:\Windows\SYSTEM32\dbghelp.dll

VM Arguments:
jvm_args: -Xmx1024M -Dfile.encoding=windows-1250 -Duser.country=US -Duser.language=en -Duser.variant 
java_command: com.android.dx.command.Main --dex --output G:\Uzytkowe\DropboxZapas\BACKUP\Studia\Semestr 6\Projekt Zespo³owy Nazwa Aplikacji\Aplikacja\ZPIProjekt\app\build\intermediates\pre-dexed\debug\classes-7801bab9b44e7283b9a98fc3208b1d3ff66799da.jar G:\Uzytkowe\DropboxZapas\BACKUP\Studia\Semestr 6\Projekt Zespo³owy Nazwa Aplikacji\Aplikacja\ZPIProjekt\app\build\intermediates\exploded-aar\com.android.support\appcompat-v7\22.1.1\classes.jar
java_class_path (initial): G:\Uzytkowe\Android Studio\build-tools\21.1.2\lib\dx.jar
Launcher Type: SUN_STANDARD

Environment Variables:
JAVA_HOME=C:\Program Files\Java\jdk1.8.0_31;
JRE_HOME=C:\Program Files\Java\jdk1.8.0_31\jre
PATH=C:\Program Files (x86)\NVIDIA Corporation\PhysX\Common;C:\Windows\system32;C:\Windows;C:\Windows\System32\Wbem;C:\Windows\System32\WindowsPowerShell\v1.0\;C:\Program Files (x86)\ATI Technologies\ATI.ACE\Core-Static;g:\uzytkowe\python 3.4.2;g:\uzytkowe\python 3.4.2\scripts;C:\Program Files (x86)\Windows Kits\8.1\Windows Performance Toolkit\;C:\Program Files\Microsoft SQL Server\110\Tools\Binn\;G:\Uzytkowe\Microsoft Network Monitor\;C:\Program Files (x86)\Skype\Phone\;G:\Uzytkowe\TortoiseSVN\bin
USERNAME=Maciej
OS=Windows_NT
PROCESSOR_IDENTIFIER=Intel64 Family 6 Model 60 Stepping 3, GenuineIntel



---------------  S Y S T E M  ---------------

OS: Windows 8.1 , 64 bit Build 9600 

CPU:total 4 (4 cores per cpu, 1 threads per core) family 6 model 60 stepping 3, cmov, cx8, fxsr, mmx, sse, sse2, sse3, ssse3, sse4.1, sse4.2, popcnt, avx, avx2, aes, clmul, erms, lzcnt, tsc, tscinvbit, bmi1, bmi2

Memory: 4k page, physical 8314960k(1030272k free), swap 13015120k(4804k free)

vm_info: Java HotSpot(TM) 64-Bit Server VM (25.31-b07) for windows-amd64 JRE (1.8.0_31-b13), built on Dec 17 2014 21:00:28 by "java_re" with MS VC++ 10.0 (VS2010)

time: Sat Jun 13 18:26:35 2015
elapsed time: 2 seconds (0d 0h 0m 2s)

