#
# There is insufficient memory for the Java Runtime Environment to continue.
# Native memory allocation (malloc) failed to allocate 923856 bytes for Chunk::new
# Possible reasons:
#   The system is out of physical RAM or swap space
#   In 32 bit mode, the process size limit was hit
# Possible solutions:
#   Reduce memory load on the system
#   Increase physical memory or swap space
#   Check if swap backing store is full
#   Use 64 bit Java on a 64 bit OS
#   Decrease Java heap size (-Xmx/-Xms)
#   Decrease number of Java threads
#   Decrease Java thread stack sizes (-Xss)
#   Set larger code cache with -XX:ReservedCodeCacheSize=
# This output file may be truncated or incomplete.
#
#  Out of Memory Error (allocation.cpp:390), pid=133168, tid=133332
#
# JRE version: Java(TM) SE Runtime Environment (8.0_31-b13) (build 1.8.0_31-b13)
# Java VM: Java HotSpot(TM) 64-Bit Server VM (25.31-b07 mixed mode windows-amd64 compressed oops)
# Failed to write core dump. Minidumps are not enabled by default on client versions of Windows
#

---------------  T H R E A D  ---------------

Current thread (0x00000000146ec000):  JavaThread "C2 CompilerThread0" daemon [_thread_in_native, id=133332, stack(0x0000000015c50000,0x0000000015d50000)]

Stack: [0x0000000015c50000,0x0000000015d50000]
Native frames: (J=compiled Java code, j=interpreted, Vv=VM code, C=native code)
V  [jvm.dll+0x3169ba]
V  [jvm.dll+0x2674c3]
V  [jvm.dll+0x268103]
V  [jvm.dll+0x25f8f5]
V  [jvm.dll+0xbf025]
V  [jvm.dll+0xbf4cc]
V  [jvm.dll+0x4798bc]
V  [jvm.dll+0x446c9b]
V  [jvm.dll+0x451bce]
V  [jvm.dll+0x4541b8]
V  [jvm.dll+0x437c62]
V  [jvm.dll+0x988e2]
V  [jvm.dll+0x990d3]
V  [jvm.dll+0x22c194]
V  [jvm.dll+0x28576a]
C  [msvcr100.dll+0x21d9f]
C  [msvcr100.dll+0x21e3b]
C  [KERNEL32.DLL+0x13d2]
C  [ntdll.dll+0x15444]


Current CompileTask:
C2:   1561 1351   !   4       com.android.dx.cf.code.RopperMachine::run (1550 bytes)


---------------  P R O C E S S  ---------------

Java Threads: ( => current thread )
  0x000000001474a800 JavaThread "Service Thread" daemon [_thread_blocked, id=133372, stack(0x0000000015f50000,0x0000000016050000)]
  0x0000000014743800 JavaThread "C1 CompilerThread2" daemon [_thread_blocked, id=133356, stack(0x0000000015e50000,0x0000000015f50000)]
  0x000000001473d800 JavaThread "C2 CompilerThread1" daemon [_thread_in_native, id=133348, stack(0x0000000015d50000,0x0000000015e50000)]
=>0x00000000146ec000 JavaThread "C2 CompilerThread0" daemon [_thread_in_native, id=133332, stack(0x0000000015c50000,0x0000000015d50000)]
  0x00000000146ea800 JavaThread "Attach Listener" daemon [_thread_blocked, id=133328, stack(0x0000000015b50000,0x0000000015c50000)]
  0x00000000146e9800 JavaThread "Signal Dispatcher" daemon [_thread_blocked, id=133324, stack(0x0000000015a50000,0x0000000015b50000)]
  0x0000000002014800 JavaThread "Finalizer" daemon [_thread_blocked, id=133312, stack(0x0000000015950000,0x0000000015a50000)]
  0x000000000200c000 JavaThread "Reference Handler" daemon [_thread_blocked, id=133308, stack(0x0000000015850000,0x0000000015950000)]
  0x0000000001f20800 JavaThread "main" [_thread_in_Java, id=133256, stack(0x0000000001db0000,0x0000000001eb0000)]

Other Threads:
  0x00000000146b5800 VMThread [stack: 0x0000000015750000,0x0000000015850000] [id=133296]
  0x000000001474d800 WatcherThread [stack: 0x0000000016050000,0x0000000016150000] [id=133376]

VM state:not at safepoint (normal execution)

VM Mutex/Monitor currently owned by a thread: None

Heap:
 PSYoungGen      total 38400K, used 13319K [0x00000000eab00000, 0x00000000ed580000, 0x0000000100000000)
  eden space 33280K, 24% used [0x00000000eab00000,0x00000000eb3032d8,0x00000000ecb80000)
  from space 5120K, 99% used [0x00000000ecb80000,0x00000000ed07eac8,0x00000000ed080000)
  to   space 5120K, 0% used [0x00000000ed080000,0x00000000ed080000,0x00000000ed580000)
 ParOldGen       total 87552K, used 1654K [0x00000000c0000000, 0x00000000c5580000, 0x00000000eab00000)
  object space 87552K, 1% used [0x00000000c0000000,0x00000000c019dab0,0x00000000c5580000)
 Metaspace       used 5755K, capacity 7024K, committed 7296K, reserved 1056768K
  class space    used 549K, capacity 616K, committed 640K, reserved 1048576K

Card table byte_map: [0x00000000113e0000,0x00000000115f0000] byte_map_base: 0x0000000010de0000

Marking Bits: (ParMarkBitMap*) 0x000000005ac5d4f0
 Begin Bits: [0x0000000011b50000, 0x0000000012b50000)
 End Bits:   [0x0000000012b50000, 0x0000000013b50000)

Polling page: 0x0000000001d70000

CodeCache: size=245760Kb used=6037Kb max_used=6053Kb free=239722Kb
 bounds [0x0000000002020000, 0x0000000002610000, 0x0000000011020000]
 total_blobs=1710 nmethods=1450 adapters=174
 compilation: enabled

Compilation events (10 events):
Event: 1.485 Thread 0x0000000014743800 nmethod 1445 0x00000000025fec10 code [0x00000000025fef40, 0x0000000002600428]
Event: 1.488 Thread 0x0000000014743800 1446       3       java.util.Collections::unmodifiableCollection (9 bytes)
Event: 1.488 Thread 0x0000000014743800 nmethod 1446 0x0000000002600e90 code [0x0000000002601000, 0x0000000002601328]
Event: 1.498 Thread 0x000000001473d800 nmethod 1376 0x0000000002607210 code [0x0000000002607560, 0x000000000260a4e0]
Event: 1.499 Thread 0x000000001473d800 1447       4       com.android.dx.util.IntList::mutableCopy (39 bytes)
Event: 1.505 Thread 0x000000001473d800 nmethod 1447 0x0000000002603510 code [0x0000000002603680, 0x0000000002603c58]
Event: 1.505 Thread 0x000000001473d800 1362       4       com.android.dx.util.ByteArray::getUnsignedShort (25 bytes)
Event: 1.506 Thread 0x000000001473d800 nmethod 1362 0x0000000002601c90 code [0x0000000002601de0, 0x0000000002601ef8]
Event: 1.506 Thread 0x000000001473d800 1360       4       com.android.dx.rop.code.ThrowingCstInsn::withNewRegisters (25 bytes)
Event: 1.507 Thread 0x000000001473d800 nmethod 1360 0x0000000002601650 code [0x00000000026017a0, 0x00000000026019d8]

GC Heap History (2 events):
Event: 1.389 GC heap before
{Heap before GC invocations=1 (full 0):
 PSYoungGen      total 38400K, used 33280K [0x00000000eab00000, 0x00000000ed580000, 0x0000000100000000)
  eden space 33280K, 100% used [0x00000000eab00000,0x00000000ecb80000,0x00000000ecb80000)
  from space 5120K, 0% used [0x00000000ed080000,0x00000000ed080000,0x00000000ed580000)
  to   space 5120K, 0% used [0x00000000ecb80000,0x00000000ecb80000,0x00000000ed080000)
 ParOldGen       total 87552K, used 0K [0x00000000c0000000, 0x00000000c5580000, 0x00000000eab00000)
  object space 87552K, 0% used [0x00000000c0000000,0x00000000c0000000,0x00000000c5580000)
 Metaspace       used 5670K, capacity 6960K, committed 7040K, reserved 1056768K
  class space    used 549K, capacity 616K, committed 640K, reserved 1048576K
Event: 1.407 GC heap after
Heap after GC invocations=1 (full 0):
 PSYoungGen      total 38400K, used 5114K [0x00000000eab00000, 0x00000000ed580000, 0x0000000100000000)
  eden space 33280K, 0% used [0x00000000eab00000,0x00000000eab00000,0x00000000ecb80000)
  from space 5120K, 99% used [0x00000000ecb80000,0x00000000ed07eac8,0x00000000ed080000)
  to   space 5120K, 0% used [0x00000000ed080000,0x00000000ed080000,0x00000000ed580000)
 ParOldGen       total 87552K, used 1654K [0x00000000c0000000, 0x00000000c5580000, 0x00000000eab00000)
  object space 87552K, 1% used [0x00000000c0000000,0x00000000c019dab0,0x00000000c5580000)
 Metaspace       used 5670K, capacity 6960K, committed 7040K, reserved 1056768K
  class space    used 549K, capacity 616K, committed 640K, reserved 1048576K
}

Deoptimization events (10 events):
Event: 0.576 Thread 0x0000000001f20800 Uncommon trap: reason=bimorphic action=maybe_recompile pc=0x000000000227ae70 method=java.util.HashMap.getNode(ILjava/lang/Object;)Ljava/util/HashMap$Node; @ 126
Event: 0.576 Thread 0x0000000001f20800 Uncommon trap: reason=bimorphic action=maybe_recompile pc=0x000000000227ae70 method=java.util.HashMap.getNode(ILjava/lang/Object;)Ljava/util/HashMap$Node; @ 126
Event: 0.576 Thread 0x0000000001f20800 Uncommon trap: reason=bimorphic action=maybe_recompile pc=0x000000000227ae70 method=java.util.HashMap.getNode(ILjava/lang/Object;)Ljava/util/HashMap$Node; @ 126
Event: 0.576 Thread 0x0000000001f20800 Uncommon trap: reason=bimorphic action=maybe_recompile pc=0x000000000227ae70 method=java.util.HashMap.getNode(ILjava/lang/Object;)Ljava/util/HashMap$Node; @ 126
Event: 0.576 Thread 0x0000000001f20800 Uncommon trap: reason=bimorphic action=maybe_recompile pc=0x000000000223fed0 method=java.util.HashMap.getNode(ILjava/lang/Object;)Ljava/util/HashMap$Node; @ 126
Event: 0.734 Thread 0x0000000001f20800 Uncommon trap: reason=class_check action=maybe_recompile pc=0x000000000236c380 method=com.android.dx.ssa.NormalSsaInsn.accept(Lcom/android/dx/ssa/SsaInsn$Visitor;)V @ 9
Event: 0.734 Thread 0x0000000001f20800 Uncommon trap: reason=class_check action=maybe_recompile pc=0x000000000228c2f0 method=com.android.dx.ssa.NormalSsaInsn.accept(Lcom/android/dx/ssa/SsaInsn$Visitor;)V @ 9
Event: 0.734 Thread 0x0000000001f20800 Uncommon trap: reason=class_check action=maybe_recompile pc=0x000000000228c2f0 method=com.android.dx.ssa.NormalSsaInsn.accept(Lcom/android/dx/ssa/SsaInsn$Visitor;)V @ 9
Event: 0.734 Thread 0x0000000001f20800 Uncommon trap: reason=class_check action=maybe_recompile pc=0x000000000228c2f0 method=com.android.dx.ssa.NormalSsaInsn.accept(Lcom/android/dx/ssa/SsaInsn$Visitor;)V @ 9
Event: 0.736 Thread 0x0000000001f20800 Uncommon trap: reason=class_check action=maybe_recompile pc=0x000000000236c380 method=com.android.dx.ssa.NormalSsaInsn.accept(Lcom/android/dx/ssa/SsaInsn$Visitor;)V @ 9

Internal exceptions (10 events):
Event: 0.317 Thread 0x0000000001f20800 Exception <a 'java/security/PrivilegedActionException'> (0x00000000eb359328) thrown at [C:\workspace\8-2-build-windows-amd64-cygwin\jdk8u31\2394\hotspot\src\share\vm\prims\jvm.cpp, line 1312]
Event: 0.317 Thread 0x0000000001f20800 Exception <a 'java/security/PrivilegedActionException'> (0x00000000eb35c208) thrown at [C:\workspace\8-2-build-windows-amd64-cygwin\jdk8u31\2394\hotspot\src\share\vm\prims\jvm.cpp, line 1312]
Event: 0.322 Thread 0x0000000001f20800 Exception <a 'java/security/PrivilegedActionException'> (0x00000000eb373af0) thrown at [C:\workspace\8-2-build-windows-amd64-cygwin\jdk8u31\2394\hotspot\src\share\vm\prims\jvm.cpp, line 1312]
Event: 0.332 Thread 0x0000000001f20800 Exception <a 'java/security/PrivilegedActionException'> (0x00000000eb3c52c0) thrown at [C:\workspace\8-2-build-windows-amd64-cygwin\jdk8u31\2394\hotspot\src\share\vm\prims\jvm.cpp, line 1312]
Event: 0.335 Thread 0x0000000001f20800 Exception <a 'java/security/PrivilegedActionException'> (0x00000000eb3dfde8) thrown at [C:\workspace\8-2-build-windows-amd64-cygwin\jdk8u31\2394\hotspot\src\share\vm\prims\jvm.cpp, line 1312]
Event: 0.566 Thread 0x0000000001f20800 Exception <a 'java/security/PrivilegedActionException'> (0x00000000eb864988) thrown at [C:\workspace\8-2-build-windows-amd64-cygwin\jdk8u31\2394\hotspot\src\share\vm\prims\jvm.cpp, line 1312]
Event: 0.610 Thread 0x0000000001f20800 Exception <a 'java/security/PrivilegedActionException'> (0x00000000ebb9b578) thrown at [C:\workspace\8-2-build-windows-amd64-cygwin\jdk8u31\2394\hotspot\src\share\vm\prims\jvm.cpp, line 1312]
Event: 0.729 Thread 0x0000000001f20800 Exception <a 'java/security/PrivilegedActionException'> (0x00000000ebdf8b70) thrown at [C:\workspace\8-2-build-windows-amd64-cygwin\jdk8u31\2394\hotspot\src\share\vm\prims\jvm.cpp, line 1312]
Event: 0.759 Thread 0x0000000001f20800 Exception <a 'java/security/PrivilegedActionException'> (0x00000000ebf7a3c8) thrown at [C:\workspace\8-2-build-windows-amd64-cygwin\jdk8u31\2394\hotspot\src\share\vm\prims\jvm.cpp, line 1312]
Event: 1.229 Thread 0x0000000001f20800 Exception <a 'java/security/PrivilegedActionException'> (0x00000000ec7aeeb0) thrown at [C:\workspace\8-2-build-windows-amd64-cygwin\jdk8u31\2394\hotspot\src\share\vm\prims\jvm.cpp, line 1312]

Events (10 events):
Event: 0.974 Thread 0x0000000001f20800 DEOPT PACKING pc=0x0000000002315d5d sp=0x0000000001eae570
Event: 0.974 Thread 0x0000000001f20800 DEOPT UNPACKING pc=0x00000000020675bf sp=0x0000000001eae350 mode 0
Event: 1.047 Thread 0x0000000001f20800 DEOPT PACKING pc=0x0000000002397dfa sp=0x0000000001eae490
Event: 1.047 Thread 0x0000000001f20800 DEOPT UNPACKING pc=0x00000000020675bf sp=0x0000000001eae1f8 mode 0
Event: 1.119 Thread 0x0000000001f20800 DEOPT PACKING pc=0x00000000023ddeb1 sp=0x0000000001eae490
Event: 1.119 Thread 0x0000000001f20800 DEOPT UNPACKING pc=0x00000000020675bf sp=0x0000000001eae258 mode 0
Event: 1.229 loading class com/android/dx/cf/attrib/AttLocalVariableTypeTable
Event: 1.229 loading class com/android/dx/cf/attrib/AttLocalVariableTypeTable done
Event: 1.388 Executing VM operation: ParallelGCFailedAllocation
Event: 1.408 Executing VM operation: ParallelGCFailedAllocation done


Dynamic libraries:
0x00007ff77e1b0000 - 0x00007ff77e1e4000 	C:\Program Files\Java\jdk1.8.0_31\bin\java.exe
0x00007ff870500000 - 0x00007ff8706ac000 	C:\Windows\SYSTEM32\ntdll.dll
0x00007ff86fa60000 - 0x00007ff86fb9e000 	C:\Windows\system32\KERNEL32.DLL
0x00007ff86d830000 - 0x00007ff86d945000 	C:\Windows\system32\KERNELBASE.dll
0x00007ff86c1d0000 - 0x00007ff86c25e000 	C:\Windows\system32\apphelp.dll
0x00007ff859850000 - 0x00007ff8598a3000 	C:\Windows\AppPatch\AppPatch64\AcGenral.DLL
0x00007ff870450000 - 0x00007ff8704fa000 	C:\Windows\system32\msvcrt.dll
0x00007ff86d4f0000 - 0x00007ff86d51e000 	C:\Windows\SYSTEM32\SspiCli.dll
0x00007ff86fe90000 - 0x00007ff86fee4000 	C:\Windows\system32\SHLWAPI.dll
0x00007ff86df50000 - 0x00007ff86e0c7000 	C:\Windows\system32\USER32.dll
0x00007ff86dc30000 - 0x00007ff86ddc4000 	C:\Windows\system32\ole32.dll
0x00007ff86e540000 - 0x00007ff86fa58000 	C:\Windows\system32\SHELL32.dll
0x00007ff86cc70000 - 0x00007ff86cc91000 	C:\Windows\SYSTEM32\USERENV.dll
0x00007ff86db80000 - 0x00007ff86dc2a000 	C:\Windows\system32\ADVAPI32.dll
0x00007ff866040000 - 0x00007ff86605e000 	C:\Windows\SYSTEM32\MPR.dll
0x00007ff86e0d0000 - 0x00007ff86e211000 	C:\Windows\system32\RPCRT4.dll
0x00007ff86e4d0000 - 0x00007ff86e529000 	C:\Windows\SYSTEM32\sechost.dll
0x00007ff86fbb0000 - 0x00007ff86fdc1000 	C:\Windows\SYSTEM32\combase.dll
0x00007ff86e240000 - 0x00007ff86e391000 	C:\Windows\system32\GDI32.dll
0x00007ff86d650000 - 0x00007ff86d665000 	C:\Windows\SYSTEM32\profapi.dll
0x00007ff86bba0000 - 0x00007ff86bc52000 	C:\Windows\SYSTEM32\SHCORE.dll
0x00007ff86fdd0000 - 0x00007ff86fe06000 	C:\Windows\system32\IMM32.DLL
0x00007ff870140000 - 0x00007ff870292000 	C:\Windows\system32\MSCTF.dll
0x00007ff86b0e0000 - 0x00007ff86b35a000 	C:\Windows\WinSxS\amd64_microsoft.windows.common-controls_6595b64144ccf1df_6.0.9600.17810_none_6240b9c7ecbd0bda\COMCTL32.dll
0x0000000059fc0000 - 0x000000005a092000 	C:\Program Files\Java\jdk1.8.0_31\jre\bin\msvcr100.dll
0x000000005a480000 - 0x000000005acda000 	C:\Program Files\Java\jdk1.8.0_31\jre\bin\server\jvm.dll
0x00007ff864f40000 - 0x00007ff864f49000 	C:\Windows\SYSTEM32\WSOCK32.dll
0x00007ff8649b0000 - 0x00007ff8649d2000 	C:\Windows\SYSTEM32\WINMM.dll
0x00007ff86fe10000 - 0x00007ff86fe17000 	C:\Windows\system32\PSAPI.DLL
0x00007ff8700e0000 - 0x00007ff87013a000 	C:\Windows\system32\WS2_32.dll
0x00007ff864980000 - 0x00007ff8649aa000 	C:\Windows\SYSTEM32\WINMMBASE.dll
0x00007ff86e530000 - 0x00007ff86e539000 	C:\Windows\system32\NSI.dll
0x00007ff86d950000 - 0x00007ff86d99f000 	C:\Windows\SYSTEM32\cfgmgr32.dll
0x00007ff86c460000 - 0x00007ff86c488000 	C:\Windows\SYSTEM32\DEVOBJ.dll
0x000000005a470000 - 0x000000005a47f000 	C:\Program Files\Java\jdk1.8.0_31\jre\bin\verify.dll
0x000000005a440000 - 0x000000005a468000 	C:\Program Files\Java\jdk1.8.0_31\jre\bin\java.dll
0x000000005a420000 - 0x000000005a436000 	C:\Program Files\Java\jdk1.8.0_31\jre\bin\zip.dll
0x00007ff8660d0000 - 0x00007ff866259000 	C:\Windows\SYSTEM32\dbghelp.dll

VM Arguments:
jvm_args: -Xmx1024M -Dfile.encoding=windows-1250 -Duser.country=US -Duser.language=en -Duser.variant 
java_command: com.android.dx.command.Main --dex --output G:\Uzytkowe\DropboxZapas\BACKUP\Studia\Semestr 6\Projekt Zespo³owy Nazwa Aplikacji\Aplikacja\ZPIProjekt\app\build\intermediates\pre-dexed\debug\classes-96cf4204360afce52fa30d0ff56790f4bcc2025c.jar G:\Uzytkowe\DropboxZapas\BACKUP\Studia\Semestr 6\Projekt Zespo³owy Nazwa Aplikacji\Aplikacja\ZPIProjekt\app\build\intermediates\exploded-aar\com.google.android.gms\play-services-wearable\7.0.0\classes.jar
java_class_path (initial): G:\Uzytkowe\Android Studio\build-tools\21.1.2\lib\dx.jar
Launcher Type: SUN_STANDARD

Environment Variables:
JAVA_HOME=C:\Program Files\Java\jdk1.8.0_31;
JRE_HOME=C:\Program Files\Java\jdk1.8.0_31\jre
PATH=C:\Program Files (x86)\NVIDIA Corporation\PhysX\Common;C:\Windows\system32;C:\Windows;C:\Windows\System32\Wbem;C:\Windows\System32\WindowsPowerShell\v1.0\;C:\Program Files (x86)\ATI Technologies\ATI.ACE\Core-Static;g:\uzytkowe\python 3.4.2;g:\uzytkowe\python 3.4.2\scripts;C:\Program Files (x86)\Windows Kits\8.1\Windows Performance Toolkit\;C:\Program Files\Microsoft SQL Server\110\Tools\Binn\;G:\Uzytkowe\Microsoft Network Monitor\;C:\Program Files (x86)\Skype\Phone\;G:\Uzytkowe\TortoiseSVN\bin
USERNAME=Maciej
OS=Windows_NT
PROCESSOR_IDENTIFIER=Intel64 Family 6 Model 60 Stepping 3, GenuineIntel



---------------  S Y S T E M  ---------------

OS: Windows 8.1 , 64 bit Build 9600 

CPU:total 4 (4 cores per cpu, 1 threads per core) family 6 model 60 stepping 3, cmov, cx8, fxsr, mmx, sse, sse2, sse3, ssse3, sse4.1, sse4.2, popcnt, avx, avx2, aes, clmul, erms, lzcnt, tsc, tscinvbit, bmi1, bmi2

Memory: 4k page, physical 8314960k(1090776k free), swap 13015120k(5080k free)

vm_info: Java HotSpot(TM) 64-Bit Server VM (25.31-b07) for windows-amd64 JRE (1.8.0_31-b13), built on Dec 17 2014 21:00:28 by "java_re" with MS VC++ 10.0 (VS2010)

time: Sat Jun 13 18:26:37 2015
elapsed time: 1 seconds (0d 0h 0m 1s)

