#
# There is insufficient memory for the Java Runtime Environment to continue.
# Native memory allocation (malloc) failed to allocate 1048576 bytes for AllocateHeap
# Possible reasons:
#   The system is out of physical RAM or swap space
#   In 32 bit mode, the process size limit was hit
# Possible solutions:
#   Reduce memory load on the system
#   Increase physical memory or swap space
#   Check if swap backing store is full
#   Use 64 bit Java on a 64 bit OS
#   Decrease Java heap size (-Xmx/-Xms)
#   Decrease number of Java threads
#   Decrease Java thread stack sizes (-Xss)
#   Set larger code cache with -XX:ReservedCodeCacheSize=
# This output file may be truncated or incomplete.
#
#  Out of Memory Error (memory/allocation.inline.hpp:62), pid=133156, tid=8720
#
# JRE version:  (8.0_31-b13) (build )
# Java VM: Java HotSpot(TM) 64-Bit Server VM (25.31-b07 mixed mode windows-amd64 compressed oops)
# Failed to write core dump. Minidumps are not enabled by default on client versions of Windows
#

---------------  T H R E A D  ---------------

Current thread (0x0000000002b90800):  JavaThread "Unknown thread" [_thread_in_vm, id=8720, stack(0x0000000002a10000,0x0000000002b10000)]

Stack: [0x0000000002a10000,0x0000000002b10000]
Native frames: (J=compiled Java code, j=interpreted, Vv=VM code, C=native code)
V  [jvm.dll+0x3169ba]
V  [jvm.dll+0x2674c3]
V  [jvm.dll+0x268103]
V  [jvm.dll+0x25f8f5]
V  [jvm.dll+0x3df90f]
V  [jvm.dll+0x3e044f]
V  [jvm.dll+0x3e0564]
V  [jvm.dll+0x3e0733]
V  [jvm.dll+0xe54d2]
V  [jvm.dll+0x1fa089]
V  [jvm.dll+0x22b694]
V  [jvm.dll+0x14d8c1]
C  [java.exe+0x20b6]
C  [java.exe+0xc9bb]
C  [java.exe+0xca4f]
C  [KERNEL32.DLL+0x13d2]
C  [ntdll.dll+0x15444]


---------------  P R O C E S S  ---------------

Java Threads: ( => current thread )

Other Threads:

=>0x0000000002b90800 (exited) JavaThread "Unknown thread" [_thread_in_vm, id=8720, stack(0x0000000002a10000,0x0000000002b10000)]

VM state:not at safepoint (normal execution)

VM Mutex/Monitor currently owned by a thread: None

Heap:
 PSYoungGen      total 38400K, used 665K [0x00000000eab00000, 0x00000000ed580000, 0x0000000100000000)
  eden space 33280K, 2% used [0x00000000eab00000,0x00000000eaba6670,0x00000000ecb80000)
  from space 5120K, 0% used [0x00000000ed080000,0x00000000ed080000,0x00000000ed580000)
  to   space 5120K, 0% used [0x00000000ecb80000,0x00000000ecb80000,0x00000000ed080000)
 ParOldGen       total 87552K, used 0K [0x00000000c0000000, 0x00000000c5580000, 0x00000000eab00000)
  object space 87552K, 0% used [0x00000000c0000000,0x00000000c0000000,0x00000000c5580000)
 Metaspace       used 677K, capacity 4480K, committed 4480K, reserved 1056768K
  class space    used 67K, capacity 384K, committed 384K, reserved 1048576K

Card table byte_map: [0x0000000012050000,0x0000000012260000] byte_map_base: 0x0000000011a50000

Marking Bits: (ParMarkBitMap*) 0x000000005ac5d4f0
 Begin Bits: [0x00000000127c0000, 0x00000000137c0000)
 End Bits:   [0x00000000137c0000, 0x00000000147c0000)

Polling page: 0x0000000001230000

CodeCache: size=245760Kb used=327Kb max_used=327Kb free=245432Kb
 bounds [0x0000000002c90000, 0x0000000002f00000, 0x0000000011c90000]
 total_blobs=56 nmethods=0 adapters=37
 compilation: enabled

Compilation events (0 events):
No events

GC Heap History (0 events):
No events

Deoptimization events (0 events):
No events

Internal exceptions (0 events):
No events

Events (10 events):
Event: 0.075 loading class java/lang/Short
Event: 0.075 loading class java/lang/Short done
Event: 0.075 loading class java/lang/Integer
Event: 0.078 loading class java/lang/Integer done
Event: 0.078 loading class java/lang/Long
Event: 0.078 loading class java/lang/Long done
Event: 0.079 loading class java/lang/NullPointerException
Event: 0.079 loading class java/lang/NullPointerException done
Event: 0.079 loading class java/lang/ArithmeticException
Event: 0.079 loading class java/lang/ArithmeticException done


Dynamic libraries:
0x00007ff77e1b0000 - 0x00007ff77e1e4000 	C:\Program Files\Java\jdk1.8.0_31\bin\java.exe
0x00007ff870500000 - 0x00007ff8706ac000 	C:\Windows\SYSTEM32\ntdll.dll
0x00007ff86fa60000 - 0x00007ff86fb9e000 	C:\Windows\system32\KERNEL32.DLL
0x00007ff86d830000 - 0x00007ff86d945000 	C:\Windows\system32\KERNELBASE.dll
0x00007ff86c1d0000 - 0x00007ff86c25e000 	C:\Windows\system32\apphelp.dll
0x00007ff859850000 - 0x00007ff8598a3000 	C:\Windows\AppPatch\AppPatch64\AcGenral.DLL
0x00007ff870450000 - 0x00007ff8704fa000 	C:\Windows\system32\msvcrt.dll
0x00007ff86d4f0000 - 0x00007ff86d51e000 	C:\Windows\SYSTEM32\SspiCli.dll
0x00007ff86fe90000 - 0x00007ff86fee4000 	C:\Windows\system32\SHLWAPI.dll
0x00007ff86df50000 - 0x00007ff86e0c7000 	C:\Windows\system32\USER32.dll
0x00007ff86dc30000 - 0x00007ff86ddc4000 	C:\Windows\system32\ole32.dll
0x00007ff86e540000 - 0x00007ff86fa58000 	C:\Windows\system32\SHELL32.dll
0x00007ff86cc70000 - 0x00007ff86cc91000 	C:\Windows\SYSTEM32\USERENV.dll
0x00007ff86db80000 - 0x00007ff86dc2a000 	C:\Windows\system32\ADVAPI32.dll
0x00007ff866040000 - 0x00007ff86605e000 	C:\Windows\SYSTEM32\MPR.dll
0x00007ff86e0d0000 - 0x00007ff86e211000 	C:\Windows\system32\RPCRT4.dll
0x00007ff86e4d0000 - 0x00007ff86e529000 	C:\Windows\SYSTEM32\sechost.dll
0x00007ff86fbb0000 - 0x00007ff86fdc1000 	C:\Windows\SYSTEM32\combase.dll
0x00007ff86e240000 - 0x00007ff86e391000 	C:\Windows\system32\GDI32.dll
0x00007ff86d650000 - 0x00007ff86d665000 	C:\Windows\SYSTEM32\profapi.dll
0x00007ff86bba0000 - 0x00007ff86bc52000 	C:\Windows\SYSTEM32\SHCORE.dll
0x00007ff86fdd0000 - 0x00007ff86fe06000 	C:\Windows\system32\IMM32.DLL
0x00007ff870140000 - 0x00007ff870292000 	C:\Windows\system32\MSCTF.dll
0x00007ff86b0e0000 - 0x00007ff86b35a000 	C:\Windows\WinSxS\amd64_microsoft.windows.common-controls_6595b64144ccf1df_6.0.9600.17810_none_6240b9c7ecbd0bda\COMCTL32.dll
0x0000000059fc0000 - 0x000000005a092000 	C:\Program Files\Java\jdk1.8.0_31\jre\bin\msvcr100.dll
0x000000005a480000 - 0x000000005acda000 	C:\Program Files\Java\jdk1.8.0_31\jre\bin\server\jvm.dll
0x00007ff864f40000 - 0x00007ff864f49000 	C:\Windows\SYSTEM32\WSOCK32.dll
0x00007ff8649b0000 - 0x00007ff8649d2000 	C:\Windows\SYSTEM32\WINMM.dll
0x00007ff86fe10000 - 0x00007ff86fe17000 	C:\Windows\system32\PSAPI.DLL
0x00007ff8700e0000 - 0x00007ff87013a000 	C:\Windows\system32\WS2_32.dll
0x00007ff864980000 - 0x00007ff8649aa000 	C:\Windows\SYSTEM32\WINMMBASE.dll
0x00007ff86e530000 - 0x00007ff86e539000 	C:\Windows\system32\NSI.dll
0x00007ff86d950000 - 0x00007ff86d99f000 	C:\Windows\SYSTEM32\cfgmgr32.dll
0x00007ff86c460000 - 0x00007ff86c488000 	C:\Windows\SYSTEM32\DEVOBJ.dll
0x000000005a470000 - 0x000000005a47f000 	C:\Program Files\Java\jdk1.8.0_31\jre\bin\verify.dll
0x000000005a440000 - 0x000000005a468000 	C:\Program Files\Java\jdk1.8.0_31\jre\bin\java.dll
0x000000005a420000 - 0x000000005a436000 	C:\Program Files\Java\jdk1.8.0_31\jre\bin\zip.dll
0x00007ff8660d0000 - 0x00007ff866259000 	C:\Windows\SYSTEM32\dbghelp.dll

VM Arguments:
jvm_args: -Xmx1024M -Dfile.encoding=windows-1250 -Duser.country=US -Duser.language=en -Duser.variant 
java_command: com.android.dx.command.Main --dex --output G:\Uzytkowe\DropboxZapas\BACKUP\Studia\Semestr 6\Projekt Zespo³owy Nazwa Aplikacji\Aplikacja\ZPIProjekt\app\build\intermediates\pre-dexed\debug\classes-6abc05156157b7885e40c45d108cebcb260167e7.jar G:\Uzytkowe\DropboxZapas\BACKUP\Studia\Semestr 6\Projekt Zespo³owy Nazwa Aplikacji\Aplikacja\ZPIProjekt\app\build\intermediates\exploded-aar\com.google.android.gms\play-services-nearby\7.0.0\classes.jar
java_class_path (initial): G:\Uzytkowe\Android Studio\build-tools\21.1.2\lib\dx.jar
Launcher Type: SUN_STANDARD

Environment Variables:
JAVA_HOME=C:\Program Files\Java\jdk1.8.0_31;
JRE_HOME=C:\Program Files\Java\jdk1.8.0_31\jre
PATH=C:\Program Files (x86)\NVIDIA Corporation\PhysX\Common;C:\Windows\system32;C:\Windows;C:\Windows\System32\Wbem;C:\Windows\System32\WindowsPowerShell\v1.0\;C:\Program Files (x86)\ATI Technologies\ATI.ACE\Core-Static;g:\uzytkowe\python 3.4.2;g:\uzytkowe\python 3.4.2\scripts;C:\Program Files (x86)\Windows Kits\8.1\Windows Performance Toolkit\;C:\Program Files\Microsoft SQL Server\110\Tools\Binn\;G:\Uzytkowe\Microsoft Network Monitor\;C:\Program Files (x86)\Skype\Phone\;G:\Uzytkowe\TortoiseSVN\bin
USERNAME=Maciej
OS=Windows_NT
PROCESSOR_IDENTIFIER=Intel64 Family 6 Model 60 Stepping 3, GenuineIntel



---------------  S Y S T E M  ---------------

OS: Windows 8.1 , 64 bit Build 9600 

CPU:total 4 (4 cores per cpu, 1 threads per core) family 6 model 60 stepping 3, cmov, cx8, fxsr, mmx, sse, sse2, sse3, ssse3, sse4.1, sse4.2, popcnt, avx, avx2, aes, clmul, erms, lzcnt, tsc, tscinvbit, bmi1, bmi2

Memory: 4k page, physical 8314960k(939200k free), swap 13015120k(5128k free)

vm_info: Java HotSpot(TM) 64-Bit Server VM (25.31-b07) for windows-amd64 JRE (1.8.0_31-b13), built on Dec 17 2014 21:00:28 by "java_re" with MS VC++ 10.0 (VS2010)

time: Sat Jun 13 18:27:32 2015
elapsed time: 0 seconds (0d 0h 0m 0s)

