#
# There is insufficient memory for the Java Runtime Environment to continue.
# Native memory allocation (malloc) failed to allocate 65984 bytes for Chunk::new
# Possible reasons:
#   The system is out of physical RAM or swap space
#   In 32 bit mode, the process size limit was hit
# Possible solutions:
#   Reduce memory load on the system
#   Increase physical memory or swap space
#   Check if swap backing store is full
#   Use 64 bit Java on a 64 bit OS
#   Decrease Java heap size (-Xmx/-Xms)
#   Decrease number of Java threads
#   Decrease Java thread stack sizes (-Xss)
#   Set larger code cache with -XX:ReservedCodeCacheSize=
# This output file may be truncated or incomplete.
#
#  Out of Memory Error (allocation.cpp:390), pid=132780, tid=130672
#
# JRE version: Java(TM) SE Runtime Environment (8.0_31-b13) (build 1.8.0_31-b13)
# Java VM: Java HotSpot(TM) 64-Bit Server VM (25.31-b07 mixed mode windows-amd64 compressed oops)
# Failed to write core dump. Minidumps are not enabled by default on client versions of Windows
#

---------------  T H R E A D  ---------------

Current thread (0x00000000145dc000):  JavaThread "C2 CompilerThread0" daemon [_thread_in_native, id=130672, stack(0x0000000015b60000,0x0000000015c60000)]

Stack: [0x0000000015b60000,0x0000000015c60000]
Native frames: (J=compiled Java code, j=interpreted, Vv=VM code, C=native code)
V  [jvm.dll+0x3169ba]


Current CompileTask:
C2:   2325 1480       4       com.android.dx.cf.code.RopperMachine::getSources (264 bytes)


---------------  P R O C E S S  ---------------

Java Threads: ( => current thread )
  0x000000001463a800 JavaThread "Service Thread" daemon [_thread_blocked, id=133056, stack(0x0000000015e60000,0x0000000015f60000)]
  0x0000000014633800 JavaThread "C1 CompilerThread2" daemon [_thread_blocked, id=130696, stack(0x0000000015d60000,0x0000000015e60000)]
  0x000000001462d800 JavaThread "C2 CompilerThread1" daemon [_thread_in_vm, id=129080, stack(0x0000000015c60000,0x0000000015d60000)]
=>0x00000000145dc000 JavaThread "C2 CompilerThread0" daemon [_thread_in_native, id=130672, stack(0x0000000015b60000,0x0000000015c60000)]
  0x00000000145db000 JavaThread "Attach Listener" daemon [_thread_blocked, id=132716, stack(0x0000000015a60000,0x0000000015b60000)]
  0x00000000145d9800 JavaThread "Signal Dispatcher" daemon [_thread_blocked, id=132384, stack(0x0000000015960000,0x0000000015a60000)]
  0x0000000001f04800 JavaThread "Finalizer" daemon [_thread_blocked, id=132704, stack(0x0000000015860000,0x0000000015960000)]
  0x0000000001efc000 JavaThread "Reference Handler" daemon [_thread_blocked, id=132620, stack(0x0000000015760000,0x0000000015860000)]
  0x0000000001e10800 JavaThread "main" [_thread_in_vm, id=132540, stack(0x0000000001d10000,0x0000000001e10000)]

Other Threads:
  0x00000000145a5800 VMThread [stack: 0x0000000015660000,0x0000000015760000] [id=132548]
  0x000000001463d800 WatcherThread [stack: 0x0000000015f60000,0x0000000016060000] [id=132408]

VM state:not at safepoint (normal execution)

VM Mutex/Monitor currently owned by a thread: None

Heap:
 PSYoungGen      total 38400K, used 9402K [0x00000000eab00000, 0x00000000ed580000, 0x0000000100000000)
  eden space 33280K, 12% used [0x00000000eab00000,0x00000000eaf34dd0,0x00000000ecb80000)
  from space 5120K, 99% used [0x00000000ecb80000,0x00000000ed079c98,0x00000000ed080000)
  to   space 5120K, 0% used [0x00000000ed080000,0x00000000ed080000,0x00000000ed580000)
 ParOldGen       total 87552K, used 1935K [0x00000000c0000000, 0x00000000c5580000, 0x00000000eab00000)
  object space 87552K, 2% used [0x00000000c0000000,0x00000000c01e3f28,0x00000000c5580000)
 Metaspace       used 5787K, capacity 7024K, committed 7296K, reserved 1056768K
  class space    used 550K, capacity 616K, committed 640K, reserved 1048576K

Card table byte_map: [0x00000000112d0000,0x00000000114e0000] byte_map_base: 0x0000000010cd0000

Marking Bits: (ParMarkBitMap*) 0x000000005ac5d4f0
 Begin Bits: [0x0000000011a40000, 0x0000000012a40000)
 End Bits:   [0x0000000012a40000, 0x0000000013a40000)

Polling page: 0x0000000001c70000

CodeCache: size=245760Kb used=6219Kb max_used=6219Kb free=239540Kb
 bounds [0x0000000001f10000, 0x0000000002530000, 0x0000000010f10000]
 total_blobs=1738 nmethods=1478 adapters=174
 compilation: enabled

Compilation events (10 events):
Event: 2.313 Thread 0x0000000014633800 1475       3       com.android.dx.rop.annotation.Annotation::<init> (54 bytes)
Event: 2.313 Thread 0x0000000014633800 nmethod 1475 0x000000000251d690 code [0x000000000251d840, 0x000000000251ddb8]
Event: 2.314 Thread 0x0000000014633800 1476       1       com.android.dx.rop.cst.CstKnownNull::getType (4 bytes)
Event: 2.314 Thread 0x0000000014633800 nmethod 1476 0x000000000251ba90 code [0x000000000251bbe0, 0x000000000251bcf0]
Event: 2.315 Thread 0x0000000014633800 1477       3       com.android.dx.cf.code.SwitchList::add (35 bytes)
Event: 2.315 Thread 0x0000000014633800 nmethod 1477 0x000000000251cd50 code [0x000000000251cf00, 0x000000000251d478]
Event: 2.315 Thread 0x0000000014633800 1478   !   3       com.android.dx.cf.code.Ropper::doit (126 bytes)
Event: 2.316 Thread 0x0000000014633800 nmethod 1478 0x00000000025215d0 code [0x00000000025218c0, 0x0000000002522cf8]
Event: 2.316 Thread 0x000000001462d800 1479   !   4       com.android.dx.cf.code.RopperMachine::run (1550 bytes)
Event: 2.318 Thread 0x00000000145dc000 1480       4       com.android.dx.cf.code.RopperMachine::getSources (264 bytes)

GC Heap History (2 events):
Event: 2.047 GC heap before
{Heap before GC invocations=1 (full 0):
 PSYoungGen      total 38400K, used 33280K [0x00000000eab00000, 0x00000000ed580000, 0x0000000100000000)
  eden space 33280K, 100% used [0x00000000eab00000,0x00000000ecb80000,0x00000000ecb80000)
  from space 5120K, 0% used [0x00000000ed080000,0x00000000ed080000,0x00000000ed580000)
  to   space 5120K, 0% used [0x00000000ecb80000,0x00000000ecb80000,0x00000000ed080000)
 ParOldGen       total 87552K, used 0K [0x00000000c0000000, 0x00000000c5580000, 0x00000000eab00000)
  object space 87552K, 0% used [0x00000000c0000000,0x00000000c0000000,0x00000000c5580000)
 Metaspace       used 5769K, capacity 7024K, committed 7296K, reserved 1056768K
  class space    used 550K, capacity 616K, committed 640K, reserved 1048576K
Event: 2.062 GC heap after
Heap after GC invocations=1 (full 0):
 PSYoungGen      total 38400K, used 5095K [0x00000000eab00000, 0x00000000ed580000, 0x0000000100000000)
  eden space 33280K, 0% used [0x00000000eab00000,0x00000000eab00000,0x00000000ecb80000)
  from space 5120K, 99% used [0x00000000ecb80000,0x00000000ed079c98,0x00000000ed080000)
  to   space 5120K, 0% used [0x00000000ed080000,0x00000000ed080000,0x00000000ed580000)
 ParOldGen       total 87552K, used 1935K [0x00000000c0000000, 0x00000000c5580000, 0x00000000eab00000)
  object space 87552K, 2% used [0x00000000c0000000,0x00000000c01e3f28,0x00000000c5580000)
 Metaspace       used 5769K, capacity 7024K, committed 7296K, reserved 1056768K
  class space    used 550K, capacity 616K, committed 640K, reserved 1048576K
}

Deoptimization events (10 events):
Event: 0.608 Thread 0x0000000001e10800 Uncommon trap: reason=null_assert action=make_not_entrant pc=0x0000000002133154 method=com.android.dx.rop.code.RegisterSpec$ForComparison.equals(Ljava/lang/Object;)Z @ 27
Event: 0.622 Thread 0x0000000001e10800 Uncommon trap: reason=unreached action=reinterpret pc=0x0000000002245d10 method=com.android.dx.rop.code.RegisterSpec.equals(ILcom/android/dx/rop/type/TypeBearer;Lcom/android/dx/rop/code/LocalItem;)Z @ 24
Event: 0.759 Thread 0x0000000001e10800 Uncommon trap: reason=class_check action=maybe_recompile pc=0x00000000022812e4 method=com.android.dx.ssa.NormalSsaInsn.accept(Lcom/android/dx/ssa/SsaInsn$Visitor;)V @ 9
Event: 0.759 Thread 0x0000000001e10800 Uncommon trap: reason=class_check action=maybe_recompile pc=0x0000000002278af4 method=com.android.dx.ssa.NormalSsaInsn.accept(Lcom/android/dx/ssa/SsaInsn$Visitor;)V @ 9
Event: 0.768 Thread 0x0000000001e10800 Uncommon trap: reason=class_check action=maybe_recompile pc=0x00000000022812e4 method=com.android.dx.ssa.NormalSsaInsn.accept(Lcom/android/dx/ssa/SsaInsn$Visitor;)V @ 9
Event: 0.768 Thread 0x0000000001e10800 Uncommon trap: reason=class_check action=maybe_recompile pc=0x0000000002278af4 method=com.android.dx.ssa.NormalSsaInsn.accept(Lcom/android/dx/ssa/SsaInsn$Visitor;)V @ 9
Event: 0.891 Thread 0x0000000001e10800 Uncommon trap: reason=class_check action=maybe_recompile pc=0x00000000022812e4 method=com.android.dx.ssa.NormalSsaInsn.accept(Lcom/android/dx/ssa/SsaInsn$Visitor;)V @ 9
Event: 1.916 Thread 0x0000000001e10800 Uncommon trap: reason=unreached action=reinterpret pc=0x000000000249fc3c method=com.android.dx.ssa.SCCP.simulateBranch(Lcom/android/dx/ssa/SsaInsn;)V @ 132
Event: 1.920 Thread 0x0000000001e10800 Uncommon trap: reason=unreached action=reinterpret pc=0x00000000023abe5c method=com.android.dx.ssa.SsaMethod.updateOneDefinition(Lcom/android/dx/ssa/SsaInsn;Lcom/android/dx/rop/code/RegisterSpec;)V @ 4
Event: 2.028 Thread 0x0000000001e10800 Uncommon trap: reason=unloaded action=reinterpret pc=0x00000000024b9550 method=com.android.dx.ssa.LiteralOpUpgrader$1.visitNonMoveInsn(Lcom/android/dx/ssa/NormalSsaInsn;)V @ 72

Internal exceptions (10 events):
Event: 0.598 Thread 0x0000000001e10800 Exception <a 'java/security/PrivilegedActionException'> (0x00000000eb70b7b0) thrown at [C:\workspace\8-2-build-windows-amd64-cygwin\jdk8u31\2394\hotspot\src\share\vm\prims\jvm.cpp, line 1312]
Event: 0.600 Thread 0x0000000001e10800 Exception <a 'java/security/PrivilegedActionException'> (0x00000000eb726a88) thrown at [C:\workspace\8-2-build-windows-amd64-cygwin\jdk8u31\2394\hotspot\src\share\vm\prims\jvm.cpp, line 1312]
Event: 0.758 Thread 0x0000000001e10800 Exception <a 'java/security/PrivilegedActionException'> (0x00000000eb9427a8) thrown at [C:\workspace\8-2-build-windows-amd64-cygwin\jdk8u31\2394\hotspot\src\share\vm\prims\jvm.cpp, line 1312]
Event: 0.880 Thread 0x0000000001e10800 Exception <a 'java/security/PrivilegedActionException'> (0x00000000eba56c88) thrown at [C:\workspace\8-2-build-windows-amd64-cygwin\jdk8u31\2394\hotspot\src\share\vm\prims\jvm.cpp, line 1312]
Event: 1.359 Thread 0x0000000001e10800 Exception <a 'java/security/PrivilegedActionException'> (0x00000000ebd9aff0) thrown at [C:\workspace\8-2-build-windows-amd64-cygwin\jdk8u31\2394\hotspot\src\share\vm\prims\jvm.cpp, line 1312]
Event: 1.360 Thread 0x0000000001e10800 Exception <a 'java/security/PrivilegedActionException'> (0x00000000ebda4fe0) thrown at [C:\workspace\8-2-build-windows-amd64-cygwin\jdk8u31\2394\hotspot\src\share\vm\prims\jvm.cpp, line 1312]
Event: 1.361 Thread 0x0000000001e10800 Exception <a 'java/security/PrivilegedActionException'> (0x00000000ebda7438) thrown at [C:\workspace\8-2-build-windows-amd64-cygwin\jdk8u31\2394\hotspot\src\share\vm\prims\jvm.cpp, line 1312]
Event: 1.586 Thread 0x0000000001e10800 Exception <a 'java/security/PrivilegedActionException'> (0x00000000ec2bdc10) thrown at [C:\workspace\8-2-build-windows-amd64-cygwin\jdk8u31\2394\hotspot\src\share\vm\prims\jvm.cpp, line 1312]
Event: 1.861 Thread 0x0000000001e10800 Exception <a 'java/security/PrivilegedActionException'> (0x00000000ec686078) thrown at [C:\workspace\8-2-build-windows-amd64-cygwin\jdk8u31\2394\hotspot\src\share\vm\prims\jvm.cpp, line 1312]
Event: 1.919 Thread 0x0000000001e10800 Exception <a 'java/security/PrivilegedActionException'> (0x00000000ec79dfb8) thrown at [C:\workspace\8-2-build-windows-amd64-cygwin\jdk8u31\2394\hotspot\src\share\vm\prims\jvm.cpp, line 1312]

Events (10 events):
Event: 1.919 loading class com/android/dx/rop/code/RegOps
Event: 1.919 loading class com/android/dx/rop/code/RegOps done
Event: 1.920 Thread 0x0000000001e10800 Uncommon trap: trap_request=0xffffffad fr.pc=0x00000000023abe5c
Event: 1.920 Thread 0x0000000001e10800 DEOPT PACKING pc=0x00000000023abe5c sp=0x0000000001e0e320
Event: 1.920 Thread 0x0000000001e10800 DEOPT UNPACKING pc=0x0000000001f5556a sp=0x0000000001e0e2c8 mode 2
Event: 2.028 Thread 0x0000000001e10800 Uncommon trap: trap_request=0x0000004e fr.pc=0x00000000024b9550
Event: 2.028 Thread 0x0000000001e10800 DEOPT PACKING pc=0x00000000024b9550 sp=0x0000000001e0e580
Event: 2.028 Thread 0x0000000001e10800 DEOPT UNPACKING pc=0x0000000001f5556a sp=0x0000000001e0e528 mode 2
Event: 2.047 Executing VM operation: ParallelGCFailedAllocation
Event: 2.062 Executing VM operation: ParallelGCFailedAllocation done


Dynamic libraries:
0x00007ff77e1b0000 - 0x00007ff77e1e4000 	C:\Program Files\Java\jdk1.8.0_31\bin\java.exe
0x00007ff870500000 - 0x00007ff8706ac000 	C:\Windows\SYSTEM32\ntdll.dll
0x00007ff86fa60000 - 0x00007ff86fb9e000 	C:\Windows\system32\KERNEL32.DLL
0x00007ff86d830000 - 0x00007ff86d945000 	C:\Windows\system32\KERNELBASE.dll
0x00007ff86c1d0000 - 0x00007ff86c25e000 	C:\Windows\system32\apphelp.dll
0x00007ff859850000 - 0x00007ff8598a3000 	C:\Windows\AppPatch\AppPatch64\AcGenral.DLL
0x00007ff870450000 - 0x00007ff8704fa000 	C:\Windows\system32\msvcrt.dll
0x00007ff86d4f0000 - 0x00007ff86d51e000 	C:\Windows\SYSTEM32\SspiCli.dll
0x00007ff86fe90000 - 0x00007ff86fee4000 	C:\Windows\system32\SHLWAPI.dll
0x00007ff86df50000 - 0x00007ff86e0c7000 	C:\Windows\system32\USER32.dll
0x00007ff86dc30000 - 0x00007ff86ddc4000 	C:\Windows\system32\ole32.dll
0x00007ff86e540000 - 0x00007ff86fa58000 	C:\Windows\system32\SHELL32.dll
0x00007ff86cc70000 - 0x00007ff86cc91000 	C:\Windows\SYSTEM32\USERENV.dll
0x00007ff86db80000 - 0x00007ff86dc2a000 	C:\Windows\system32\ADVAPI32.dll
0x00007ff866040000 - 0x00007ff86605e000 	C:\Windows\SYSTEM32\MPR.dll
0x00007ff86e0d0000 - 0x00007ff86e211000 	C:\Windows\system32\RPCRT4.dll
0x00007ff86e4d0000 - 0x00007ff86e529000 	C:\Windows\SYSTEM32\sechost.dll
0x00007ff86fbb0000 - 0x00007ff86fdc1000 	C:\Windows\SYSTEM32\combase.dll
0x00007ff86e240000 - 0x00007ff86e391000 	C:\Windows\system32\GDI32.dll
0x00007ff86d650000 - 0x00007ff86d665000 	C:\Windows\SYSTEM32\profapi.dll
0x00007ff86bba0000 - 0x00007ff86bc52000 	C:\Windows\SYSTEM32\SHCORE.dll
0x00007ff86fdd0000 - 0x00007ff86fe06000 	C:\Windows\system32\IMM32.DLL
0x00007ff870140000 - 0x00007ff870292000 	C:\Windows\system32\MSCTF.dll
0x00007ff86b0e0000 - 0x00007ff86b35a000 	C:\Windows\WinSxS\amd64_microsoft.windows.common-controls_6595b64144ccf1df_6.0.9600.17810_none_6240b9c7ecbd0bda\COMCTL32.dll
0x0000000059fc0000 - 0x000000005a092000 	C:\Program Files\Java\jdk1.8.0_31\jre\bin\msvcr100.dll
0x000000005a480000 - 0x000000005acda000 	C:\Program Files\Java\jdk1.8.0_31\jre\bin\server\jvm.dll
0x00007ff864f40000 - 0x00007ff864f49000 	C:\Windows\SYSTEM32\WSOCK32.dll
0x00007ff8649b0000 - 0x00007ff8649d2000 	C:\Windows\SYSTEM32\WINMM.dll
0x00007ff86fe10000 - 0x00007ff86fe17000 	C:\Windows\system32\PSAPI.DLL
0x00007ff8700e0000 - 0x00007ff87013a000 	C:\Windows\system32\WS2_32.dll
0x00007ff864980000 - 0x00007ff8649aa000 	C:\Windows\SYSTEM32\WINMMBASE.dll
0x00007ff86e530000 - 0x00007ff86e539000 	C:\Windows\system32\NSI.dll
0x00007ff86d950000 - 0x00007ff86d99f000 	C:\Windows\SYSTEM32\cfgmgr32.dll
0x00007ff86c460000 - 0x00007ff86c488000 	C:\Windows\SYSTEM32\DEVOBJ.dll
0x000000005a470000 - 0x000000005a47f000 	C:\Program Files\Java\jdk1.8.0_31\jre\bin\verify.dll
0x000000005a440000 - 0x000000005a468000 	C:\Program Files\Java\jdk1.8.0_31\jre\bin\java.dll
0x000000005a420000 - 0x000000005a436000 	C:\Program Files\Java\jdk1.8.0_31\jre\bin\zip.dll

VM Arguments:
jvm_args: -Xmx1024M -Dfile.encoding=windows-1250 -Duser.country=US -Duser.language=en -Duser.variant 
java_command: com.android.dx.command.Main --dex --output G:\Uzytkowe\DropboxZapas\BACKUP\Studia\Semestr 6\Projekt Zespo³owy Nazwa Aplikacji\Aplikacja\ZPIProjekt\app\build\intermediates\pre-dexed\debug\classes-a70935a3d8d69c33a3966603d8a3866315dc4f84.jar G:\Uzytkowe\DropboxZapas\BACKUP\Studia\Semestr 6\Projekt Zespo³owy Nazwa Aplikacji\Aplikacja\ZPIProjekt\app\build\intermediates\exploded-aar\com.google.android.gms\play-services-drive\7.0.0\classes.jar
java_class_path (initial): G:\Uzytkowe\Android Studio\build-tools\21.1.2\lib\dx.jar
Launcher Type: SUN_STANDARD

Environment Variables:
JAVA_HOME=C:\Program Files\Java\jdk1.8.0_31;
JRE_HOME=C:\Program Files\Java\jdk1.8.0_31\jre
PATH=C:\Program Files (x86)\NVIDIA Corporation\PhysX\Common;C:\Windows\system32;C:\Windows;C:\Windows\System32\Wbem;C:\Windows\System32\WindowsPowerShell\v1.0\;C:\Program Files (x86)\ATI Technologies\ATI.ACE\Core-Static;g:\uzytkowe\python 3.4.2;g:\uzytkowe\python 3.4.2\scripts;C:\Program Files (x86)\Windows Kits\8.1\Windows Performance Toolkit\;C:\Program Files\Microsoft SQL Server\110\Tools\Binn\;G:\Uzytkowe\Microsoft Network Monitor\;C:\Program Files (x86)\Skype\Phone\;G:\Uzytkowe\TortoiseSVN\bin
USERNAME=Maciej
OS=Windows_NT
PROCESSOR_IDENTIFIER=Intel64 Family 6 Model 60 Stepping 3, GenuineIntel



---------------  S Y S T E M  ---------------

OS: Windows 8.1 , 64 bit Build 9600 

CPU:total 4 (4 cores per cpu, 1 threads per core) family 6 model 60 stepping 3, cmov, cx8, fxsr, mmx, sse, sse2, sse3, ssse3, sse4.1, sse4.2, popcnt, avx, avx2, aes, clmul, erms, lzcnt, tsc, tscinvbit, bmi1, bmi2

Memory: 4k page, physical 8314960k(1030272k free), swap 13015120k(4788k free)

vm_info: Java HotSpot(TM) 64-Bit Server VM (25.31-b07) for windows-amd64 JRE (1.8.0_31-b13), built on Dec 17 2014 21:00:28 by "java_re" with MS VC++ 10.0 (VS2010)

time: Sat Jun 13 18:26:35 2015
elapsed time: 2 seconds (0d 0h 0m 2s)

